[0401/234337.742:ERROR:process_reader_win.cc(123)] NtOpenThread: {Acceso denegado} Un proceso ha solicitado acceso a un objeto, pero no se le han concedido esos derechos de acceso. (0xc0000022)
[0401/234338.693:ERROR:exception_snapshot_win.cc(98)] thread ID 10252 not found in process
[0401/234337.750:ERROR:process_reader_win.cc(123)] NtOpenThread: {Acceso denegado} Un proceso ha solicitado acceso a un objeto, pero no se le han concedido esos derechos de acceso. (0xc0000022)
[0401/234338.694:ERROR:exception_snapshot_win.cc(98)] thread ID 7248 not found in process
[0401/234337.750:ERROR:process_reader_win.cc(123)] NtOpenThread: {Acceso denegado} Un proceso ha solicitado acceso a un objeto, pero no se le han concedido esos derechos de acceso. (0xc0000022)
[0401/234337.746:ERROR:process_reader_win.cc(123)] NtOpenThread: {Acceso denegado} Un proceso ha solicitado acceso a un objeto, pero no se le han concedido esos derechos de acceso. (0xc0000022)
[0401/234338.695:ERROR:exception_snapshot_win.cc(98)] thread ID 8852 not found in process
[0401/234337.749:ERROR:process_reader_win.cc(123)] NtOpenThread: {Acceso denegado} Un proceso ha solicitado acceso a un objeto, pero no se le han concedido esos derechos de acceso. (0xc0000022)
[0401/234338.696:ERROR:exception_snapshot_win.cc(98)] thread ID 7112 not found in process
[0401/234337.749:ERROR:process_reader_win.cc(123)] NtOpenThread: {Acceso denegado} Un proceso ha solicitado acceso a un objeto, pero no se le han concedido esos derechos de acceso. (0xc0000022)
[0401/234338.696:ERROR:exception_snapshot_win.cc(98)] thread ID 1724 not found in process
[0401/234337.749:ERROR:process_reader_win.cc(123)] NtOpenThread: {Acceso denegado} Un proceso ha solicitado acceso a un objeto, pero no se le han concedido esos derechos de acceso. (0xc0000022)
[0401/234338.696:ERROR:exception_snapshot_win.cc(98)] thread ID 11852 not found in process
[0401/234337.750:ERROR:process_reader_win.cc(123)] NtOpenThread: {Acceso denegado} Un proceso ha solicitado acceso a un objeto, pero no se le han concedido esos derechos de acceso. (0xc0000022)
[0401/234338.696:ERROR:exception_snapshot_win.cc(98)] thread ID 10968 not found in process
[0401/234337.750:ERROR:process_reader_win.cc(123)] NtOpenThread: {Acceso denegado} Un proceso ha solicitado acceso a un objeto, pero no se le han concedido esos derechos de acceso. (0xc0000022)
[0401/234338.697:ERROR:exception_snapshot_win.cc(98)] thread ID 11488 not found in process
[0401/234338.697:ERROR:exception_snapshot_win.cc(98)] thread ID 6264 not found in process
[0401/234337.749:ERROR:process_reader_win.cc(123)] NtOpenThread: {Acceso denegado} Un proceso ha solicitado acceso a un objeto, pero no se le han concedido esos derechos de acceso. (0xc0000022)
[0401/234338.698:ERROR:exception_snapshot_win.cc(98)] thread ID 11412 not found in process
[0402/080648.977:ERROR:process_reader_win.cc(123)] NtOpenThread: {Acceso denegado} Un proceso ha solicitado acceso a un objeto, pero no se le han concedido esos derechos de acceso. (0xc0000022)
[0402/080648.977:ERROR:process_reader_win.cc(123)] NtOpenThread: {Acceso denegado} Un proceso ha solicitado acceso a un objeto, pero no se le han concedido esos derechos de acceso. (0xc0000022)
[0402/080649.652:ERROR:exception_snapshot_win.cc(98)] thread ID 13036 not found in process
[0402/080649.652:ERROR:exception_snapshot_win.cc(98)] thread ID 112 not found in process
[0502/205830.532:ERROR:process_memory_win.cc(73)] ReadMemory at 0x204a3b83700 of 72 bytes failed: Solo se completó una parte de una solicitud ReadProcessMemory o WriteProcessMemory. (0x12B)
[0502/205830.675:WARNING:pe_image_annotations_reader.cc(134)] could not read annotations list object in C:\Program Files (x86)\Google\Chrome\Application\81.0.4044.129\chrome_elf.dll
[0502/205830.675:ERROR:process_memory_win.cc(73)] ReadMemory at 0x204a3ed8b90 of 72 bytes failed: Solo se completó una parte de una solicitud ReadProcessMemory o WriteProcessMemory. (0x12B)
[0502/205830.675:WARNING:pe_image_annotations_reader.cc(134)] could not read annotations list object in C:\Program Files (x86)\Google\Chrome\Application\81.0.4044.129\chrome.dll
[0502/205830.676:ERROR:process_memory_win.cc(73)] ReadMemory at 0x204a38d0000 of 64 bytes failed: Solo se completó una parte de una solicitud ReadProcessMemory o WriteProcessMemory. (0x12B)
[0502/205830.676:WARNING:pe_image_reader.cc(340)] could not read dos header from C:\WINDOWS\System32\WS2_32.dll
[0502/205831.086:ERROR:process_memory_win.cc(73)] ReadMemory at 0x204a3b83700 of 72 bytes failed: Solo se completó una parte de una solicitud ReadProcessMemory o WriteProcessMemory. (0x12B)
[0502/205831.086:WARNING:pe_image_annotations_reader.cc(134)] could not read annotations list object in C:\Program Files (x86)\Google\Chrome\Application\81.0.4044.129\chrome_elf.dll
[0502/205831.087:ERROR:process_memory_win.cc(73)] ReadMemory at 0x204a3ed8b90 of 72 bytes failed: Solo se completó una parte de una solicitud ReadProcessMemory o WriteProcessMemory. (0x12B)
[0502/205831.087:WARNING:pe_image_annotations_reader.cc(134)] could not read annotations list object in C:\Program Files (x86)\Google\Chrome\Application\81.0.4044.129\chrome.dll
[0502/205831.087:ERROR:process_memory_win.cc(73)] ReadMemory at 0x204a38d0000 of 64 bytes failed: Solo se completó una parte de una solicitud ReadProcessMemory o WriteProcessMemory. (0x12B)
[0502/205831.087:WARNING:pe_image_reader.cc(340)] could not read dos header from C:\WINDOWS\System32\WS2_32.dll
[0502/205831.088:ERROR:process_memory_win.cc(73)] ReadMemory at 0x204a3b83700 of 72 bytes failed: Solo se completó una parte de una solicitud ReadProcessMemory o WriteProcessMemory. (0x12B)
[0502/205831.088:WARNING:pe_image_annotations_reader.cc(134)] could not read annotations list object in C:\Program Files (x86)\Google\Chrome\Application\81.0.4044.129\chrome_elf.dll
[0502/205831.089:ERROR:process_memory_win.cc(73)] ReadMemory at 0x204a3ed8b90 of 72 bytes failed: Solo se completó una parte de una solicitud ReadProcessMemory o WriteProcessMemory. (0x12B)
[0502/205831.089:WARNING:pe_image_annotations_reader.cc(134)] could not read annotations list object in C:\Program Files (x86)\Google\Chrome\Application\81.0.4044.129\chrome.dll
[0502/205831.089:ERROR:process_memory_win.cc(73)] ReadMemory at 0x204a38d0000 of 64 bytes failed: Solo se completó una parte de una solicitud ReadProcessMemory o WriteProcessMemory. (0x12B)
[0502/205831.089:WARNING:pe_image_reader.cc(340)] could not read dos header from C:\WINDOWS\System32\WS2_32.dll
[0502/205831.261:ERROR:process_memory_win.cc(73)] ReadMemory at 0x4b33be8000 of 98304 bytes failed: Solo se completó una parte de una solicitud ReadProcessMemory o WriteProcessMemory. (0x12B)
[0502/205831.261:ERROR:process_memory_win.cc(73)] ReadMemory at 0x4b343fd000 of 12288 bytes failed: Solo se completó una parte de una solicitud ReadProcessMemory o WriteProcessMemory. (0x12B)
[0502/205831.261:ERROR:process_memory_win.cc(73)] ReadMemory at 0x4b353fd000 of 12288 bytes failed: Solo se completó una parte de una solicitud ReadProcessMemory o WriteProcessMemory. (0x12B)
[0502/205831.262:ERROR:process_memory_win.cc(73)] ReadMemory at 0x4b35bfc000 of 16384 bytes failed: Solo se completó una parte de una solicitud ReadProcessMemory o WriteProcessMemory. (0x12B)
[0502/205831.262:ERROR:process_memory_win.cc(73)] ReadMemory at 0x4b363fe000 of 8192 bytes failed: Solo se completó una parte de una solicitud ReadProcessMemory o WriteProcessMemory. (0x12B)
[0502/205831.262:ERROR:process_memory_win.cc(73)] ReadMemory at 0x4b36bfd000 of 12288 bytes failed: Solo se completó una parte de una solicitud ReadProcessMemory o WriteProcessMemory. (0x12B)
[0502/205831.262:ERROR:process_memory_win.cc(73)] ReadMemory at 0x4b373fb000 of 20480 bytes failed: Solo se completó una parte de una solicitud ReadProcessMemory o WriteProcessMemory. (0x12B)
[0502/205831.262:ERROR:process_memory_win.cc(73)] ReadMemory at 0x4b37bfd000 of 12288 bytes failed: Solo se completó una parte de una solicitud ReadProcessMemory o WriteProcessMemory. (0x12B)
[0502/205831.263:ERROR:process_memory_win.cc(73)] ReadMemory at 0x4b383f4000 of 49152 bytes failed: Solo se completó una parte de una solicitud ReadProcessMemory o WriteProcessMemory. (0x12B)
[0502/205831.263:ERROR:process_memory_win.cc(73)] ReadMemory at 0x4b38bfd000 of 12288 bytes failed: Solo se completó una parte de una solicitud ReadProcessMemory o WriteProcessMemory. (0x12B)
[0502/205831.263:ERROR:process_memory_win.cc(73)] ReadMemory at 0x4b34bfd000 of 12288 bytes failed: Solo se completó una parte de una solicitud ReadProcessMemory o WriteProcessMemory. (0x12B)
[0502/205831.263:ERROR:process_memory_win.cc(73)] ReadMemory at 0x4b393f6000 of 40960 bytes failed: Solo se completó una parte de una solicitud ReadProcessMemory o WriteProcessMemory. (0x12B)
[0502/205831.263:ERROR:process_memory_win.cc(73)] ReadMemory at 0x4b39bfc000 of 16384 bytes failed: Solo se completó una parte de una solicitud ReadProcessMemory o WriteProcessMemory. (0x12B)
[0502/205831.264:ERROR:process_memory_win.cc(73)] ReadMemory at 0x4b3a3fe000 of 8192 bytes failed: Solo se completó una parte de una solicitud ReadProcessMemory o WriteProcessMemory. (0x12B)
[0502/205831.264:ERROR:process_memory_win.cc(73)] ReadMemory at 0x4b33208000 of 6024 bytes failed: Solo se completó una parte de una solicitud ReadProcessMemory o WriteProcessMemory. (0x12B)
[0502/205831.264:ERROR:process_memory_win.cc(73)] ReadMemory at 0x4b3328c000 of 6024 bytes failed: Solo se completó una parte de una solicitud ReadProcessMemory o WriteProcessMemory. (0x12B)
[0502/205831.264:ERROR:process_memory_win.cc(73)] ReadMemory at 0x4b3329a000 of 6024 bytes failed: Solo se completó una parte de una solicitud ReadProcessMemory o WriteProcessMemory. (0x12B)
[0502/205831.264:ERROR:process_memory_win.cc(73)] ReadMemory at 0x4b3329e000 of 6024 bytes failed: Solo se completó una parte de una solicitud ReadProcessMemory o WriteProcessMemory. (0x12B)
[0502/205831.265:ERROR:process_memory_win.cc(73)] ReadMemory at 0x4b333e9000 of 852 bytes failed: Solo se completó una parte de una solicitud ReadProcessMemory o WriteProcessMemory. (0x12B)
[0502/205831.265:ERROR:process_memory_win.cc(73)] ReadMemory at 0x4b333ea000 of 6024 bytes failed: Solo se completó una parte de una solicitud ReadProcessMemory o WriteProcessMemory. (0x12B)
[0502/205831.265:ERROR:process_memory_win.cc(73)] ReadMemory at 0x4b333ec000 of 6024 bytes failed: Solo se completó una parte de una solicitud ReadProcessMemory o WriteProcessMemory. (0x12B)
[0502/205831.265:ERROR:process_memory_win.cc(73)] ReadMemory at 0x4b333f0000 of 6024 bytes failed: Solo se completó una parte de una solicitud ReadProcessMemory o WriteProcessMemory. (0x12B)
[0502/205831.265:ERROR:process_memory_win.cc(73)] ReadMemory at 0x4b333f2000 of 6024 bytes failed: Solo se completó una parte de una solicitud ReadProcessMemory o WriteProcessMemory. (0x12B)
[0502/205831.265:ERROR:process_memory_win.cc(73)] ReadMemory at 0x4b333f4000 of 6024 bytes failed: Solo se completó una parte de una solicitud ReadProcessMemory o WriteProcessMemory. (0x12B)
[0502/205831.265:ERROR:process_memory_win.cc(73)] ReadMemory at 0x4b333f6000 of 6024 bytes failed: Solo se completó una parte de una solicitud ReadProcessMemory o WriteProcessMemory. (0x12B)
[0502/205831.266:ERROR:process_memory_win.cc(73)] ReadMemory at 0x4b333f8000 of 6024 bytes failed: Solo se completó una parte de una solicitud ReadProcessMemory o WriteProcessMemory. (0x12B)
[0502/205831.266:ERROR:process_memory_win.cc(73)] ReadMemory at 0x4b333fa000 of 6024 bytes failed: Solo se completó una parte de una solicitud ReadProcessMemory o WriteProcessMemory. (0x12B)
[0502/205831.266:ERROR:process_memory_win.cc(73)] ReadMemory at 0x4b333fc000 of 6024 bytes failed: Solo se completó una parte de una solicitud ReadProcessMemory o WriteProcessMemory. (0x12B)
[0502/205831.266:ERROR:process_memory_win.cc(73)] ReadMemory at 0x4b333fe000 of 6024 bytes failed: Solo se completó una parte de una solicitud ReadProcessMemory o WriteProcessMemory. (0x12B)
[0502/205831.266:ERROR:process_memory_win.cc(73)] ReadMemory at 0x204a3940fe0 of 17756 bytes failed: Solo se completó una parte de una solicitud ReadProcessMemory o WriteProcessMemory. (0x12B)
[0502/205831.266:ERROR:process_memory_win.cc(73)] ReadMemory at 0x204a3945550 of 1012 bytes failed: Solo se completó una parte de una solicitud ReadProcessMemory o WriteProcessMemory. (0x12B)
[0502/205831.267:ERROR:process_memory_win.cc(73)] ReadMemory at 0x204a3945b98 of 118 bytes failed: Solo se completó una parte de una solicitud ReadProcessMemory o WriteProcessMemory. (0x12B)
[0502/205831.267:ERROR:process_memory_win.cc(73)] ReadMemory at 0x204a3945c10 of 666 bytes failed: Solo se completó una parte de una solicitud ReadProcessMemory o WriteProcessMemory. (0x12B)
[0502/205831.267:ERROR:process_memory_win.cc(73)] ReadMemory at 0x204a3945eac of 118 bytes failed: Solo se completó una parte de una solicitud ReadProcessMemory o WriteProcessMemory. (0x12B)
[0502/205831.267:ERROR:process_memory_win.cc(73)] ReadMemory at 0x204a3945f24 of 100 bytes failed: Solo se completó una parte de una solicitud ReadProcessMemory o WriteProcessMemory. (0x12B)
[0502/205831.267:ERROR:process_memory_win.cc(73)] ReadMemory at 0x204a3945fa0 of 58 bytes failed: Solo se completó una parte de una solicitud ReadProcessMemory o WriteProcessMemory. (0x12B)
[0502/205831.267:ERROR:process_memory_win.cc(73)] ReadMemory at 0x204a39460a0 of 132 bytes failed: Solo se completó una parte de una solicitud ReadProcessMemory o WriteProcessMemory. (0x12B)
[0502/205831.267:ERROR:process_memory_win.cc(73)] ReadMemory at 0x204a3946230 of 132 bytes failed: Solo se completó una parte de una solicitud ReadProcessMemory o WriteProcessMemory. (0x12B)
[0502/205831.268:ERROR:process_memory_win.cc(73)] ReadMemory at 0x204a39463f0 of 126 bytes failed: Solo se completó una parte de una solicitud ReadProcessMemory o WriteProcessMemory. (0x12B)
[0502/205831.268:ERROR:process_memory_win.cc(73)] ReadMemory at 0x204a39467d0 of 132 bytes failed: Solo se completó una parte de una solicitud ReadProcessMemory o WriteProcessMemory. (0x12B)
[0502/205831.268:ERROR:process_memory_win.cc(73)] ReadMemory at 0x204a3946960 of 64 bytes failed: Solo se completó una parte de una solicitud ReadProcessMemory o WriteProcessMemory. (0x12B)
[0502/205831.268:ERROR:process_memory_win.cc(73)] ReadMemory at 0x204a39469b0 of 132 bytes failed: Solo se completó una parte de una solicitud ReadProcessMemory o WriteProcessMemory. (0x12B)
[0502/205831.268:ERROR:process_memory_win.cc(73)] ReadMemory at 0x204a3946b20 of 132 bytes failed: Solo se completó una parte de una solicitud ReadProcessMemory o WriteProcessMemory. (0x12B)
[0502/205831.268:ERROR:process_memory_win.cc(73)] ReadMemory at 0x204a3946dc0 of 132 bytes failed: Solo se completó una parte de una solicitud ReadProcessMemory o WriteProcessMemory. (0x12B)
[0502/205831.269:ERROR:process_memory_win.cc(73)] ReadMemory at 0x204a3946f50 of 68 bytes failed: Solo se completó una parte de una solicitud ReadProcessMemory o WriteProcessMemory. (0x12B)
[0502/205831.269:ERROR:process_memory_win.cc(73)] ReadMemory at 0x204a3947fb0 of 132 bytes failed: Solo se completó una parte de una solicitud ReadProcessMemory o WriteProcessMemory. (0x12B)
[0502/205831.269:ERROR:process_memory_win.cc(73)] ReadMemory at 0x204a3948140 of 154 bytes failed: Solo se completó una parte de una solicitud ReadProcessMemory o WriteProcessMemory. (0x12B)
[0502/205831.269:ERROR:process_memory_win.cc(73)] ReadMemory at 0x204a39490b0 of 62 bytes failed: Solo se completó una parte de una solicitud ReadProcessMemory o WriteProcessMemory. (0x12B)
[0502/205831.269:ERROR:process_memory_win.cc(73)] ReadMemory at 0x204a3949100 of 146 bytes failed: Solo se completó una parte de una solicitud ReadProcessMemory o WriteProcessMemory. (0x12B)
[0502/205831.269:ERROR:process_memory_win.cc(73)] ReadMemory at 0x204a39491e0 of 132 bytes failed: Solo se completó una parte de una solicitud ReadProcessMemory o WriteProcessMemory. (0x12B)
[0502/205831.270:ERROR:process_memory_win.cc(73)] ReadMemory at 0x204a3949370 of 60 bytes failed: Solo se completó una parte de una solicitud ReadProcessMemory o WriteProcessMemory. (0x12B)
[0502/205831.270:ERROR:process_memory_win.cc(73)] ReadMemory at 0x204a3949710 of 132 bytes failed: Solo se completó una parte de una solicitud ReadProcessMemory o WriteProcessMemory. (0x12B)
[0502/205831.270:ERROR:process_memory_win.cc(73)] ReadMemory at 0x204a394d5f0 of 132 bytes failed: Solo se completó una parte de una solicitud ReadProcessMemory o WriteProcessMemory. (0x12B)
[0502/205831.270:ERROR:process_memory_win.cc(73)] ReadMemory at 0x204a394d800 of 60 bytes failed: Solo se completó una parte de una solicitud ReadProcessMemory o WriteProcessMemory. (0x12B)
[0502/205831.270:ERROR:process_memory_win.cc(73)] ReadMemory at 0x204a394d850 of 64 bytes failed: Solo se completó una parte de una solicitud ReadProcessMemory o WriteProcessMemory. (0x12B)
[0502/205831.270:ERROR:process_memory_win.cc(73)] ReadMemory at 0x204a394d8f0 of 62 bytes failed: Solo se completó una parte de una solicitud ReadProcessMemory o WriteProcessMemory. (0x12B)
[0502/205831.271:ERROR:process_memory_win.cc(73)] ReadMemory at 0x204a394d940 of 64 bytes failed: Solo se completó una parte de una solicitud ReadProcessMemory o WriteProcessMemory. (0x12B)
[0502/205831.271:ERROR:process_memory_win.cc(73)] ReadMemory at 0x204a394d990 of 66 bytes failed: Solo se completó una parte de una solicitud ReadProcessMemory o WriteProcessMemory. (0x12B)
[0502/205831.271:ERROR:process_memory_win.cc(73)] ReadMemory at 0x204a394dad0 of 62 bytes failed: Solo se completó una parte de una solicitud ReadProcessMemory o WriteProcessMemory. (0x12B)
[0502/205831.271:ERROR:process_memory_win.cc(73)] ReadMemory at 0x204a394dc10 of 64 bytes failed: Solo se completó una parte de una solicitud ReadProcessMemory o WriteProcessMemory. (0x12B)
[0502/205831.271:ERROR:process_memory_win.cc(73)] ReadMemory at 0x204a394dc60 of 64 bytes failed: Solo se completó una parte de una solicitud ReadProcessMemory o WriteProcessMemory. (0x12B)
[0502/205831.271:ERROR:process_memory_win.cc(73)] ReadMemory at 0x204a394dda0 of 60 bytes failed: Solo se completó una parte de una solicitud ReadProcessMemory o WriteProcessMemory. (0x12B)
[0502/205831.271:ERROR:process_memory_win.cc(73)] ReadMemory at 0x204a394ede0 of 132 bytes failed: Solo se completó una parte de una solicitud ReadProcessMemory o WriteProcessMemory. (0x12B)
[0502/205831.272:ERROR:process_memory_win.cc(73)] ReadMemory at 0x204a394ef70 of 80 bytes failed: Solo se completó una parte de una solicitud ReadProcessMemory o WriteProcessMemory. (0x12B)
[0502/205831.272:ERROR:process_memory_win.cc(73)] ReadMemory at 0x204a3953050 of 54 bytes failed: Solo se completó una parte de una solicitud ReadProcessMemory o WriteProcessMemory. (0x12B)
[0502/205831.272:ERROR:process_memory_win.cc(73)] ReadMemory at 0x204a3953fd0 of 132 bytes failed: Solo se completó una parte de una solicitud ReadProcessMemory o WriteProcessMemory. (0x12B)
[0502/205831.272:ERROR:process_memory_win.cc(73)] ReadMemory at 0x204a3954100 of 132 bytes failed: Solo se completó una parte de una solicitud ReadProcessMemory o WriteProcessMemory. (0x12B)
[0502/205831.272:ERROR:process_memory_win.cc(73)] ReadMemory at 0x204a3954aa0 of 132 bytes failed: Solo se completó una parte de una solicitud ReadProcessMemory o WriteProcessMemory. (0x12B)
[0502/205831.272:ERROR:process_memory_win.cc(73)] ReadMemory at 0x204a3956350 of 132 bytes failed: Solo se completó una parte de una solicitud ReadProcessMemory o WriteProcessMemory. (0x12B)
[0502/205831.272:ERROR:process_memory_win.cc(73)] ReadMemory at 0x204a3956480 of 132 bytes failed: Solo se completó una parte de una solicitud ReadProcessMemory o WriteProcessMemory. (0x12B)
[0502/205831.273:ERROR:process_memory_win.cc(73)] ReadMemory at 0x204a39565b0 of 132 bytes failed: Solo se completó una parte de una solicitud ReadProcessMemory o WriteProcessMemory. (0x12B)
[0502/205831.273:ERROR:process_memory_win.cc(73)] ReadMemory at 0x204a39566e0 of 132 bytes failed: Solo se completó una parte de una solicitud ReadProcessMemory o WriteProcessMemory. (0x12B)
[0502/205831.273:ERROR:process_memory_win.cc(73)] ReadMemory at 0x204a3956940 of 132 bytes failed: Solo se completó una parte de una solicitud ReadProcessMemory o WriteProcessMemory. (0x12B)
[0502/205831.273:ERROR:process_memory_win.cc(73)] ReadMemory at 0x204a3956a70 of 132 bytes failed: Solo se completó una parte de una solicitud ReadProcessMemory o WriteProcessMemory. (0x12B)
[0502/205831.273:ERROR:process_memory_win.cc(73)] ReadMemory at 0x204a3956ba0 of 132 bytes failed: Solo se completó una parte de una solicitud ReadProcessMemory o WriteProcessMemory. (0x12B)
[0502/205831.273:ERROR:process_memory_win.cc(73)] ReadMemory at 0x204a3956cd0 of 132 bytes failed: Solo se completó una parte de una solicitud ReadProcessMemory o WriteProcessMemory. (0x12B)
[0502/205831.274:ERROR:process_memory_win.cc(73)] ReadMemory at 0x204a3956e00 of 132 bytes failed: Solo se completó una parte de una solicitud ReadProcessMemory o WriteProcessMemory. (0x12B)
[0502/205831.274:ERROR:process_memory_win.cc(73)] ReadMemory at 0x204a3956f30 of 132 bytes failed: Solo se completó una parte de una solicitud ReadProcessMemory o WriteProcessMemory. (0x12B)
[0502/205831.274:ERROR:process_memory_win.cc(73)] ReadMemory at 0x204a3957060 of 132 bytes failed: Solo se completó una parte de una solicitud ReadProcessMemory o WriteProcessMemory. (0x12B)
[0502/205831.274:ERROR:process_memory_win.cc(73)] ReadMemory at 0x204a3957190 of 132 bytes failed: Solo se completó una parte de una solicitud ReadProcessMemory o WriteProcessMemory. (0x12B)
[0502/205831.274:ERROR:process_memory_win.cc(73)] ReadMemory at 0x204a3957480 of 76 bytes failed: Solo se completó una parte de una solicitud ReadProcessMemory o WriteProcessMemory. (0x12B)
[0502/205831.274:ERROR:process_memory_win.cc(73)] ReadMemory at 0x204a3957de0 of 80 bytes failed: Solo se completó una parte de una solicitud ReadProcessMemory o WriteProcessMemory. (0x12B)
[0502/205831.275:ERROR:process_memory_win.cc(73)] ReadMemory at 0x204a395bc00 of 132 bytes failed: Solo se completó una parte de una solicitud ReadProcessMemory o WriteProcessMemory. (0x12B)
[0502/205831.275:ERROR:process_memory_win.cc(73)] ReadMemory at 0x204a395bd30 of 132 bytes failed: Solo se completó una parte de una solicitud ReadProcessMemory o WriteProcessMemory. (0x12B)
[0502/205831.281:ERROR:process_memory_win.cc(73)] ReadMemory at 0x204a395be60 of 132 bytes failed: Solo se completó una parte de una solicitud ReadProcessMemory o WriteProcessMemory. (0x12B)
[0502/205831.281:ERROR:process_memory_win.cc(73)] ReadMemory at 0x204a395c030 of 62 bytes failed: Solo se completó una parte de una solicitud ReadProcessMemory o WriteProcessMemory. (0x12B)
[0502/205831.281:ERROR:process_memory_win.cc(73)] ReadMemory at 0x204a395c210 of 58 bytes failed: Solo se completó una parte de una solicitud ReadProcessMemory o WriteProcessMemory. (0x12B)
[0502/205831.281:ERROR:process_memory_win.cc(73)] ReadMemory at 0x204a395c260 of 60 bytes failed: Solo se completó una parte de una solicitud ReadProcessMemory o WriteProcessMemory. (0x12B)
[0502/205831.281:ERROR:process_memory_win.cc(73)] ReadMemory at 0x204a395c2b0 of 62 bytes failed: Solo se completó una parte de una solicitud ReadProcessMemory o WriteProcessMemory. (0x12B)
[0502/205831.282:ERROR:process_memory_win.cc(73)] ReadMemory at 0x204a395c490 of 64 bytes failed: Solo se completó una parte de una solicitud ReadProcessMemory o WriteProcessMemory. (0x12B)
[0502/205831.282:ERROR:process_memory_win.cc(73)] ReadMemory at 0x204a395c670 of 62 bytes failed: Solo se completó una parte de una solicitud ReadProcessMemory o WriteProcessMemory. (0x12B)
[0502/205831.283:ERROR:process_memory_win.cc(73)] ReadMemory at 0x204a395c800 of 64 bytes failed: Solo se completó una parte de una solicitud ReadProcessMemory o WriteProcessMemory. (0x12B)
[0502/205831.284:ERROR:process_memory_win.cc(73)] ReadMemory at 0x204a395c8a0 of 62 bytes failed: Solo se completó una parte de una solicitud ReadProcessMemory o WriteProcessMemory. (0x12B)
[0502/205831.284:ERROR:process_memory_win.cc(73)] ReadMemory at 0x204a395c8f0 of 62 bytes failed: Solo se completó una parte de una solicitud ReadProcessMemory o WriteProcessMemory. (0x12B)
[0502/205831.284:ERROR:process_memory_win.cc(73)] ReadMemory at 0x204a395c990 of 62 bytes failed: Solo se completó una parte de una solicitud ReadProcessMemory o WriteProcessMemory. (0x12B)
[0502/205831.284:ERROR:process_memory_win.cc(73)] ReadMemory at 0x204a395ca30 of 64 bytes failed: Solo se completó una parte de una solicitud ReadProcessMemory o WriteProcessMemory. (0x12B)
[0502/205831.284:ERROR:process_memory_win.cc(73)] ReadMemory at 0x204a395ca80 of 66 bytes failed: Solo se completó una parte de una solicitud ReadProcessMemory o WriteProcessMemory. (0x12B)
[0502/205831.284:ERROR:process_memory_win.cc(73)] ReadMemory at 0x204a395cad0 of 60 bytes failed: Solo se completó una parte de una solicitud ReadProcessMemory o WriteProcessMemory. (0x12B)
[0502/205831.285:ERROR:process_memory_win.cc(73)] ReadMemory at 0x204a395cb70 of 60 bytes failed: Solo se completó una parte de una solicitud ReadProcessMemory o WriteProcessMemory. (0x12B)
[0502/205831.285:ERROR:process_memory_win.cc(73)] ReadMemory at 0x204a395cc10 of 60 bytes failed: Solo se completó una parte de una solicitud ReadProcessMemory o WriteProcessMemory. (0x12B)
[0502/205831.285:ERROR:process_memory_win.cc(73)] ReadMemory at 0x204a395cc60 of 64 bytes failed: Solo se completó una parte de una solicitud ReadProcessMemory o WriteProcessMemory. (0x12B)
[0502/205831.285:ERROR:process_memory_win.cc(73)] ReadMemory at 0x204a395cd00 of 62 bytes failed: Solo se completó una parte de una solicitud ReadProcessMemory o WriteProcessMemory. (0x12B)
[0502/205831.286:ERROR:process_memory_win.cc(73)] ReadMemory at 0x204a395cdf0 of 62 bytes failed: Solo se completó una parte de una solicitud ReadProcessMemory o WriteProcessMemory. (0x12B)
[0502/205831.286:ERROR:process_memory_win.cc(73)] ReadMemory at 0x204a395d4b0 of 132 bytes failed: Solo se completó una parte de una solicitud ReadProcessMemory o WriteProcessMemory. (0x12B)
[0502/205831.286:ERROR:process_memory_win.cc(73)] ReadMemory at 0x204a395d5e0 of 132 bytes failed: Solo se completó una parte de una solicitud ReadProcessMemory o WriteProcessMemory. (0x12B)
[0502/205831.286:ERROR:process_memory_win.cc(73)] ReadMemory at 0x204a395d840 of 132 bytes failed: Solo se completó una parte de una solicitud ReadProcessMemory o WriteProcessMemory. (0x12B)
[0502/205831.286:ERROR:process_memory_win.cc(73)] ReadMemory at 0x204a395d970 of 132 bytes failed: Solo se completó una parte de una solicitud ReadProcessMemory o WriteProcessMemory. (0x12B)
[0502/205831.286:ERROR:process_memory_win.cc(73)] ReadMemory at 0x204a395daa0 of 132 bytes failed: Solo se completó una parte de una solicitud ReadProcessMemory o WriteProcessMemory. (0x12B)
[0502/205831.286:ERROR:process_memory_win.cc(73)] ReadMemory at 0x204a395df60 of 132 bytes failed: Solo se completó una parte de una solicitud ReadProcessMemory o WriteProcessMemory. (0x12B)
[0502/205831.287:ERROR:process_memory_win.cc(73)] ReadMemory at 0x204a395e2f0 of 132 bytes failed: Solo se completó una parte de una solicitud ReadProcessMemory o WriteProcessMemory. (0x12B)
[0502/205831.287:ERROR:process_memory_win.cc(73)] ReadMemory at 0x204a395e420 of 132 bytes failed: Solo se completó una parte de una solicitud ReadProcessMemory o WriteProcessMemory. (0x12B)
[0502/205831.287:ERROR:process_memory_win.cc(73)] ReadMemory at 0x204a395e8e0 of 132 bytes failed: Solo se completó una parte de una solicitud ReadProcessMemory o WriteProcessMemory. (0x12B)
[0502/205831.288:ERROR:process_memory_win.cc(73)] ReadMemory at 0x204a395ea10 of 132 bytes failed: Solo se completó una parte de una solicitud ReadProcessMemory o WriteProcessMemory. (0x12B)
[0502/205831.288:ERROR:process_memory_win.cc(73)] ReadMemory at 0x204a3975cf0 of 512 bytes failed: Solo se completó una parte de una solicitud ReadProcessMemory o WriteProcessMemory. (0x12B)
[0502/205831.289:ERROR:process_memory_win.cc(73)] ReadMemory at 0x204a3976c60 of 512 bytes failed: Solo se completó una parte de una solicitud ReadProcessMemory o WriteProcessMemory. (0x12B)
[0502/205831.289:ERROR:process_memory_win.cc(73)] ReadMemory at 0x204a3b40d60 of 512 bytes failed: Solo se completó una parte de una solicitud ReadProcessMemory o WriteProcessMemory. (0x12B)
[0502/205831.289:ERROR:process_memory_win.cc(73)] ReadMemory at 0x204a3b414e0 of 512 bytes failed: Solo se completó una parte de una solicitud ReadProcessMemory o WriteProcessMemory. (0x12B)
[0502/205831.289:ERROR:process_memory_win.cc(73)] ReadMemory at 0x204a3f13f80 of 512 bytes failed: Solo se completó una parte de una solicitud ReadProcessMemory o WriteProcessMemory. (0x12B)
[0502/205831.290:ERROR:process_memory_win.cc(73)] ReadMemory at 0x204a3f14d70 of 512 bytes failed: Solo se completó una parte de una solicitud ReadProcessMemory o WriteProcessMemory. (0x12B)
[0502/205831.290:ERROR:process_memory_win.cc(73)] ReadMemory at 0x204a3f2cf40 of 712 bytes failed: Solo se completó una parte de una solicitud ReadProcessMemory o WriteProcessMemory. (0x12B)
[0502/205831.291:ERROR:process_memory_win.cc(73)] ReadMemory at 0x204a3fcdc90 of 512 bytes failed: Solo se completó una parte de una solicitud ReadProcessMemory o WriteProcessMemory. (0x12B)
[0502/205831.291:ERROR:process_memory_win.cc(73)] ReadMemory at 0x204a404ff80 of 512 bytes failed: Solo se completó una parte de una solicitud ReadProcessMemory o WriteProcessMemory. (0x12B)
[0502/205831.292:ERROR:process_memory_win.cc(73)] ReadMemory at 0x204a5679e30 of 512 bytes failed: Solo se completó una parte de una solicitud ReadProcessMemory o WriteProcessMemory. (0x12B)
[0502/205831.292:ERROR:process_memory_win.cc(73)] ReadMemory at 0x204a6ccb140 of 512 bytes failed: Solo se completó una parte de una solicitud ReadProcessMemory o WriteProcessMemory. (0x12B)
[0502/205831.293:ERROR:process_memory_win.cc(73)] ReadMemory at 0x204ac38c5c0 of 512 bytes failed: Solo se completó una parte de una solicitud ReadProcessMemory o WriteProcessMemory. (0x12B)
[0502/205831.293:ERROR:process_memory_win.cc(73)] ReadMemory at 0x204b646a830 of 512 bytes failed: Solo se completó una parte de una solicitud ReadProcessMemory o WriteProcessMemory. (0x12B)
[0502/205831.294:ERROR:process_memory_win.cc(73)] ReadMemory at 0x204d3522370 of 752 bytes failed: Solo se completó una parte de una solicitud ReadProcessMemory o WriteProcessMemory. (0x12B)
[0502/205831.294:ERROR:process_memory_win.cc(73)] ReadMemory at 0x204d39ddf60 of 512 bytes failed: Solo se completó una parte de una solicitud ReadProcessMemory o WriteProcessMemory. (0x12B)
[0502/205831.294:ERROR:process_memory_win.cc(73)] ReadMemory at 0x3790081a06cd of 512 bytes failed: Solo se completó una parte de una solicitud ReadProcessMemory o WriteProcessMemory. (0x12B)
[0502/205831.294:ERROR:process_memory_win.cc(73)] ReadMemory at 0x379009574f79 of 512 bytes failed: Solo se completó una parte de una solicitud ReadProcessMemory o WriteProcessMemory. (0x12B)
[0502/205831.459:ERROR:scoped_process_suspend.cc(40)] NtResumeProcess: Se intentó obtener acceso a un proceso que está cerrándose. (0xc000010a)
[1029/165939.230:ERROR:directory_reader_win.cc(43)] FindFirstFile: El sistema no puede encontrar la ruta especificada. (0x3)
[1031/102833.533:ERROR:directory_reader_win.cc(43)] FindFirstFile: El sistema no puede encontrar la ruta especificada. (0x3)
